c:\users\andreea\source\repos\lab6-7andreea\lab6-7andreea\debug\vc142.pdb
c:\users\andreea\source\repos\lab6-7andreea\lab6-7andreea\debug\vc142.idb
c:\users\andreea\source\repos\lab6-7andreea\lab6-7andreea\debug\userinterface.obj
c:\users\andreea\source\repos\lab6-7andreea\lab6-7andreea\debug\testservice.obj
c:\users\andreea\source\repos\lab6-7andreea\lab6-7andreea\debug\testrepository.obj
c:\users\andreea\source\repos\lab6-7andreea\lab6-7andreea\debug\testdomain.obj
c:\users\andreea\source\repos\lab6-7andreea\lab6-7andreea\debug\service.obj
c:\users\andreea\source\repos\lab6-7andreea\lab6-7andreea\debug\lab6-7andreea.obj
c:\users\andreea\source\repos\lab6-7andreea\lab6-7andreea\debug\masina.obj
c:\users\andreea\source\repos\lab6-7andreea\lab6-7andreea\debug\testfile.obj
c:\users\andreea\source\repos\lab6-7andreea\lab6-7andreea\debug\repotemplate.obj
c:\users\andreea\source\repos\lab6-7andreea\lab6-7andreea\debug\repofile.obj
c:\users\andreea\source\repos\lab6-7andreea\lab6-7andreea\debug\car.obj
c:\users\andreea\source\repos\lab6-7andreea\lab6-7andreea\debug\ui.obj
c:\users\andreea\source\repos\lab6-7andreea\lab6-7andreea\debug\tests.obj
c:\users\andreea\source\repos\lab6-7andreea\debug\lab6-7andreea.exe
c:\users\andreea\source\repos\lab6-7andreea\debug\lab6-7andreea.ilk
c:\users\andreea\source\repos\lab6-7andreea\debug\lab6-7andreea.pdb
c:\users\andreea\source\repos\lab6-7andreea\lab6-7andreea\debug\lab6-7andreea.tlog\cl.command.1.tlog
c:\users\andreea\source\repos\lab6-7andreea\lab6-7andreea\debug\lab6-7andreea.tlog\cl.read.1.tlog
c:\users\andreea\source\repos\lab6-7andreea\lab6-7andreea\debug\lab6-7andreea.tlog\cl.write.1.tlog
c:\users\andreea\source\repos\lab6-7andreea\lab6-7andreea\debug\lab6-7andreea.tlog\link.command.1.tlog
c:\users\andreea\source\repos\lab6-7andreea\lab6-7andreea\debug\lab6-7andreea.tlog\link.read.1.tlog
c:\users\andreea\source\repos\lab6-7andreea\lab6-7andreea\debug\lab6-7andreea.tlog\link.write.1.tlog
